2014/07/23 08:27:48 [error] [exception.CDbException] exception 'CDbException' with message 'CDbConnection failed to open the DB connection: SQLSTATE[HY000] [1049] Unknown database 'testdrive'' in C:\wamp\www\yii\framework\db\CDbConnection.php:382
Stack trace:
#0 C:\wamp\www\yii\framework\db\CDbConnection.php(330): CDbConnection->open()
#1 C:\wamp\www\yii\framework\db\CDbConnection.php(308): CDbConnection->setActive(true)
#2 C:\wamp\www\yii\framework\base\CModule.php(387): CDbConnection->init()
#3 C:\wamp\www\yii\framework\base\CModule.php(103): CModule->getComponent('db')
#4 C:\wamp\www\yii\framework\gii\generators\model\ModelCode.php(60): CModule->__get('db')
#5 C:\wamp\www\yii\framework\web\CFormModel.php(39): ModelCode->init()
#6 C:\wamp\www\yii\framework\gii\CCodeGenerator.php(153): CFormModel->__construct()
#7 C:\wamp\www\yii\framework\gii\CCodeGenerator.php(63): CCodeGenerator->prepare()
#8 C:\wamp\www\yii\framework\web\actions\CInlineAction.php(49): CCodeGenerator->actionIndex()
#9 C:\wamp\www\yii\framework\web\CController.php(308): CInlineAction->runWithParams(Array)
#10 C:\wamp\www\yii\framework\web\CController.php(286): CController->runAction(Object(CInlineAction))
#11 C:\wamp\www\yii\framework\web\CController.php(265): CController->runActionWithFilters(Object(CInlineAction), Array)
#12 C:\wamp\www\yii\framework\web\CWebApplication.php(282): CController->run('index')
#13 C:\wamp\www\yii\framework\web\CWebApplication.php(141): CWebApplication->runController('gii/model/index')
#14 C:\wamp\www\yii\framework\base\CApplication.php(180): CWebApplication->processRequest()
#15 C:\wamp\www\orgtrail\index.php(13): CApplication->run()
#16 {main}
REQUEST_URI=/orgtrail/index.php/gii/model/index
HTTP_REFERER=http://localhost/orgtrail/index.php/gii/default/index
---
2014/07/23 17:15:54 [error] [exception.CException] exception 'CException' with message 'Property "User.dropDown" is not defined.' in C:\wamp\www\yii\framework\base\CComponent.php:130
Stack trace:
#0 C:\wamp\www\yii\framework\db\ar\CActiveRecord.php(145): CComponent->__get('dropDown')
#1 C:\wamp\www\yii\framework\web\helpers\CHtml.php(2529): CActiveRecord->__get('dropDown')
#2 C:\wamp\www\yii\framework\web\helpers\CHtml.php(1802): CHtml::resolveValue(Object(User), 'dropDown')
#3 C:\wamp\www\orgtrail\protected\extensions\bootstrap\helpers\TbHtml.php(1677): CHtml::activeDropDownList(Object(User), 'dropDown', Array, Array)
#4 C:\wamp\www\orgtrail\protected\extensions\bootstrap\helpers\TbHtml.php(2163): TbHtml::activeDropDownList(Object(User), 'dropDown', Array, Array)
#5 C:\wamp\www\orgtrail\protected\extensions\bootstrap\helpers\TbHtml.php(2097): TbHtml::createActiveInput('dropDownList', Object(User), 'dropDown', Array, Array)
#6 C:\wamp\www\orgtrail\protected\extensions\bootstrap\widgets\TbActiveForm.php(704): TbHtml::activeControlGroup('dropDownList', Object(User), 'dropDown', Array, Array)
#7 C:\wamp\www\orgtrail\protected\extensions\bootstrap\widgets\TbActiveForm.php(577): TbActiveForm->createControlGroup('dropDownList', Object(User), 'dropDown', Array, Array)
#8 C:\wamp\www\orgtrail\protected\views\user\_form.php(24): TbActiveForm->dropDownListControlGroup(Object(User), 'dropDown', Array, Array)
#9 C:\wamp\www\yii\framework\web\CBaseController.php(126): require('C:\wamp\www\org...')
#10 C:\wamp\www\yii\framework\web\CBaseController.php(95): CBaseController->renderInternal('C:\wamp\www\org...', Array, true)
#11 C:\wamp\www\yii\framework\web\CController.php(869): CBaseController->renderFile('C:\wamp\www\org...', Array, true)
#12 C:\wamp\www\orgtrail\protected\views\user\create.php(20): CController->renderPartial('_form', Array)
#13 C:\wamp\www\yii\framework\web\CBaseController.php(126): require('C:\wamp\www\org...')
#14 C:\wamp\www\yii\framework\web\CBaseController.php(95): CBaseController->renderInternal('C:\wamp\www\org...', Array, true)
#15 C:\wamp\www\yii\framework\web\CController.php(869): CBaseController->renderFile('C:\wamp\www\org...', Array, true)
#16 C:\wamp\www\yii\framework\web\CController.php(782): CController->renderPartial('create', Array, true)
#17 C:\wamp\www\orgtrail\protected\controllers\UserController.php(79): CController->render('create', Array)
#18 C:\wamp\www\yii\framework\web\actions\CInlineAction.php(49): UserController->actionCreate()
#19 C:\wamp\www\yii\framework\web\CController.php(308): CInlineAction->runWithParams(Array)
#20 C:\wamp\www\yii\framework\web\filters\CFilterChain.php(133): CController->runAction(Object(CInlineAction))
#21 C:\wamp\www\yii\framework\web\filters\CFilter.php(40): CFilterChain->run()
#22 C:\wamp\www\yii\framework\web\CController.php(1145): CFilter->filter(Object(CFilterChain))
#23 C:\wamp\www\yii\framework\web\filters\CInlineFilter.php(58): CController->filterAccessControl(Object(CFilterChain))
#24 C:\wamp\www\yii\framework\web\filters\CFilterChain.php(130): CInlineFilter->filter(Object(CFilterChain))
#25 C:\wamp\www\yii\framework\web\CController.php(291): CFilterChain->run()
#26 C:\wamp\www\yii\framework\web\CController.php(265): CController->runActionWithFilters(Object(CInlineAction), Array)
#27 C:\wamp\www\yii\framework\web\CWebApplication.php(282): CController->run('create')
#28 C:\wamp\www\yii\framework\web\CWebApplication.php(141): CWebApplication->runController('user/create')
#29 C:\wamp\www\yii\framework\base\CApplication.php(180): CWebApplication->processRequest()
#30 C:\wamp\www\orgtrail\index.php(13): CApplication->run()
#31 {main}
REQUEST_URI=/orgtrail/index.php/user/create
HTTP_REFERER=http://localhost/orgtrail/index.php/user
---
2014/07/23 17:16:42 [error] [php] Use of undefined constant Org - assumed 'Org' (C:\wamp\www\orgtrail\protected\views\user\_form.php:24)
Stack trace:
#0 C:\wamp\www\yii\framework\web\CController.php(869): UserController->renderFile()
#1 C:\wamp\www\orgtrail\protected\views\user\create.php(20): UserController->renderPartial()
#2 C:\wamp\www\yii\framework\web\CBaseController.php(126): require()
#3 C:\wamp\www\yii\framework\web\CBaseController.php(95): UserController->renderInternal()
#4 C:\wamp\www\yii\framework\web\CController.php(869): UserController->renderFile()
#5 C:\wamp\www\yii\framework\web\CController.php(782): UserController->renderPartial()
#6 C:\wamp\www\orgtrail\protected\controllers\UserController.php(79): UserController->render()
#7 C:\wamp\www\yii\framework\web\actions\CInlineAction.php(49): UserController->actionCreate()
#8 C:\wamp\www\yii\framework\web\CController.php(308): CInlineAction->runWithParams()
#9 C:\wamp\www\yii\framework\web\filters\CFilterChain.php(133): UserController->runAction()
#10 C:\wamp\www\yii\framework\web\filters\CFilter.php(40): CFilterChain->run()
#11 C:\wamp\www\yii\framework\web\CController.php(1145): CAccessControlFilter->filter()
#12 C:\wamp\www\yii\framework\web\filters\CInlineFilter.php(58): UserController->filterAccessControl()
#13 C:\wamp\www\yii\framework\web\filters\CFilterChain.php(130): CInlineFilter->filter()
#14 C:\wamp\www\yii\framework\web\CController.php(291): CFilterChain->run()
#15 C:\wamp\www\yii\framework\web\CController.php(265): UserController->runActionWithFilters()
#16 C:\wamp\www\yii\framework\web\CWebApplication.php(282): UserController->run()
#17 C:\wamp\www\yii\framework\web\CWebApplication.php(141): CWebApplication->runController()
#18 C:\wamp\www\yii\framework\base\CApplication.php(180): CWebApplication->processRequest()
#19 C:\wamp\www\orgtrail\index.php(13): CWebApplication->run()
REQUEST_URI=/orgtrail/index.php/user/create
in C:\wamp\www\orgtrail\protected\views\user\_form.php (24)
in C:\wamp\www\orgtrail\protected\views\user\create.php (20)
in C:\wamp\www\orgtrail\protected\controllers\UserController.php (79)
2014/07/23 17:18:46 [error] [php] Array to string conversion (C:\wamp\www\yii\framework\web\helpers\CHtml.php:2181)
Stack trace:
#0 C:\wamp\www\orgtrail\protected\extensions\bootstrap\widgets\TbActiveForm.php(74): error()
#1 C:\wamp\www\orgtrail\protected\extensions\bootstrap\widgets\TbActiveForm.php(720): TbActiveForm->error()
#2 C:\wamp\www\orgtrail\protected\extensions\bootstrap\widgets\TbActiveForm.php(703): TbActiveForm->processControlGroupOptions()
#3 C:\wamp\www\orgtrail\protected\extensions\bootstrap\widgets\TbActiveForm.php(577): TbActiveForm->createControlGroup()
#4 C:\wamp\www\orgtrail\protected\views\user\_form.php(24): TbActiveForm->dropDownListControlGroup()
#5 C:\wamp\www\yii\framework\web\CBaseController.php(126): require()
#6 C:\wamp\www\yii\framework\web\CBaseController.php(95): UserController->renderInternal()
#7 C:\wamp\www\yii\framework\web\CController.php(869): UserController->renderFile()
#8 C:\wamp\www\orgtrail\protected\views\user\create.php(20): UserController->renderPartial()
#9 C:\wamp\www\yii\framework\web\CBaseController.php(126): require()
#10 C:\wamp\www\yii\framework\web\CBaseController.php(95): UserController->renderInternal()
#11 C:\wamp\www\yii\framework\web\CController.php(869): UserController->renderFile()
#12 C:\wamp\www\yii\framework\web\CController.php(782): UserController->renderPartial()
#13 C:\wamp\www\orgtrail\protected\controllers\UserController.php(79): UserController->render()
#14 C:\wamp\www\yii\framework\web\actions\CInlineAction.php(49): UserController->actionCreate()
#15 C:\wamp\www\yii\framework\web\CController.php(308): CInlineAction->runWithParams()
#16 C:\wamp\www\yii\framework\web\filters\CFilterChain.php(133): UserController->runAction()
#17 C:\wamp\www\yii\framework\web\filters\CFilter.php(40): CFilterChain->run()
#18 C:\wamp\www\yii\framework\web\CController.php(1145): CAccessControlFilter->filter()
#19 C:\wamp\www\yii\framework\web\filters\CInlineFilter.php(58): UserController->filterAccessControl()
#20 C:\wamp\www\yii\framework\web\filters\CFilterChain.php(130): CInlineFilter->filter()
#21 C:\wamp\www\yii\framework\web\CController.php(291): CFilterChain->run()
#22 C:\wamp\www\yii\framework\web\CController.php(265): UserController->runActionWithFilters()
#23 C:\wamp\www\yii\framework\web\CWebApplication.php(282): UserController->run()
#24 C:\wamp\www\yii\framework\web\CWebApplication.php(141): CWebApplication->runController()
#25 C:\wamp\www\yii\framework\base\CApplication.php(180): CWebApplication->processRequest()
#26 C:\wamp\www\orgtrail\index.php(13): CWebApplication->run()
REQUEST_URI=/orgtrail/index.php/user/create
in C:\wamp\www\orgtrail\protected\extensions\bootstrap\helpers\TbHtml.php (2207)
in C:\wamp\www\orgtrail\protected\extensions\bootstrap\widgets\TbActiveForm.php (74)
in C:\wamp\www\orgtrail\protected\extensions\bootstrap\widgets\TbActiveForm.php (720)
2014/07/23 17:20:25 [error] [php] Array to string conversion (C:\wamp\www\yii\framework\web\helpers\CHtml.php:2181)
Stack trace:
#0 C:\wamp\www\orgtrail\protected\extensions\bootstrap\widgets\TbActiveForm.php(74): error()
#1 C:\wamp\www\orgtrail\protected\extensions\bootstrap\widgets\TbActiveForm.php(720): TbActiveForm->error()
#2 C:\wamp\www\orgtrail\protected\extensions\bootstrap\widgets\TbActiveForm.php(703): TbActiveForm->processControlGroupOptions()
#3 C:\wamp\www\orgtrail\protected\extensions\bootstrap\widgets\TbActiveForm.php(577): TbActiveForm->createControlGroup()
#4 C:\wamp\www\orgtrail\protected\views\user\_form.php(25): TbActiveForm->dropDownListControlGroup()
#5 C:\wamp\www\yii\framework\web\CBaseController.php(126): require()
#6 C:\wamp\www\yii\framework\web\CBaseController.php(95): UserController->renderInternal()
#7 C:\wamp\www\yii\framework\web\CController.php(869): UserController->renderFile()
#8 C:\wamp\www\orgtrail\protected\views\user\create.php(20): UserController->renderPartial()
#9 C:\wamp\www\yii\framework\web\CBaseController.php(126): require()
#10 C:\wamp\www\yii\framework\web\CBaseController.php(95): UserController->renderInternal()
#11 C:\wamp\www\yii\framework\web\CController.php(869): UserController->renderFile()
#12 C:\wamp\www\yii\framework\web\CController.php(782): UserController->renderPartial()
#13 C:\wamp\www\orgtrail\protected\controllers\UserController.php(79): UserController->render()
#14 C:\wamp\www\yii\framework\web\actions\CInlineAction.php(49): UserController->actionCreate()
#15 C:\wamp\www\yii\framework\web\CController.php(308): CInlineAction->runWithParams()
#16 C:\wamp\www\yii\framework\web\filters\CFilterChain.php(133): UserController->runAction()
#17 C:\wamp\www\yii\framework\web\filters\CFilter.php(40): CFilterChain->run()
#18 C:\wamp\www\yii\framework\web\CController.php(1145): CAccessControlFilter->filter()
#19 C:\wamp\www\yii\framework\web\filters\CInlineFilter.php(58): UserController->filterAccessControl()
#20 C:\wamp\www\yii\framework\web\filters\CFilterChain.php(130): CInlineFilter->filter()
#21 C:\wamp\www\yii\framework\web\CController.php(291): CFilterChain->run()
#22 C:\wamp\www\yii\framework\web\CController.php(265): UserController->runActionWithFilters()
#23 C:\wamp\www\yii\framework\web\CWebApplication.php(282): UserController->run()
#24 C:\wamp\www\yii\framework\web\CWebApplication.php(141): CWebApplication->runController()
#25 C:\wamp\www\yii\framework\base\CApplication.php(180): CWebApplication->processRequest()
#26 C:\wamp\www\orgtrail\index.php(13): CWebApplication->run()
REQUEST_URI=/orgtrail/index.php/user/create
in C:\wamp\www\orgtrail\protected\extensions\bootstrap\helpers\TbHtml.php (2207)
in C:\wamp\www\orgtrail\protected\extensions\bootstrap\widgets\TbActiveForm.php (74)
in C:\wamp\www\orgtrail\protected\extensions\bootstrap\widgets\TbActiveForm.php (720)
2014/07/23 17:21:18 [error] [php] Undefined variable: orgmodel (C:\wamp\www\orgtrail\protected\views\user\_form.php:24)
Stack trace:
#0 C:\wamp\www\yii\framework\web\CController.php(869): UserController->renderFile()
#1 C:\wamp\www\orgtrail\protected\views\user\create.php(20): UserController->renderPartial()
#2 C:\wamp\www\yii\framework\web\CBaseController.php(126): require()
#3 C:\wamp\www\yii\framework\web\CBaseController.php(95): UserController->renderInternal()
#4 C:\wamp\www\yii\framework\web\CController.php(869): UserController->renderFile()
#5 C:\wamp\www\yii\framework\web\CController.php(782): UserController->renderPartial()
#6 C:\wamp\www\orgtrail\protected\controllers\UserController.php(79): UserController->render()
#7 C:\wamp\www\yii\framework\web\actions\CInlineAction.php(49): UserController->actionCreate()
#8 C:\wamp\www\yii\framework\web\CController.php(308): CInlineAction->runWithParams()
#9 C:\wamp\www\yii\framework\web\filters\CFilterChain.php(133): UserController->runAction()
#10 C:\wamp\www\yii\framework\web\filters\CFilter.php(40): CFilterChain->run()
#11 C:\wamp\www\yii\framework\web\CController.php(1145): CAccessControlFilter->filter()
#12 C:\wamp\www\yii\framework\web\filters\CInlineFilter.php(58): UserController->filterAccessControl()
#13 C:\wamp\www\yii\framework\web\filters\CFilterChain.php(130): CInlineFilter->filter()
#14 C:\wamp\www\yii\framework\web\CController.php(291): CFilterChain->run()
#15 C:\wamp\www\yii\framework\web\CController.php(265): UserController->runActionWithFilters()
#16 C:\wamp\www\yii\framework\web\CWebApplication.php(282): UserController->run()
#17 C:\wamp\www\yii\framework\web\CWebApplication.php(141): CWebApplication->runController()
#18 C:\wamp\www\yii\framework\base\CApplication.php(180): CWebApplication->processRequest()
#19 C:\wamp\www\orgtrail\index.php(13): CWebApplication->run()
REQUEST_URI=/orgtrail/index.php/user/create
in C:\wamp\www\orgtrail\protected\views\user\_form.php (24)
in C:\wamp\www\orgtrail\protected\views\user\create.php (20)
in C:\wamp\www\orgtrail\protected\controllers\UserController.php (79)
2014/07/23 17:27:23 [error] [php] Undefined variable: orgmodel (C:\wamp\www\orgtrail\protected\views\user\_form.php:24)
Stack trace:
#0 C:\wamp\www\yii\framework\web\CController.php(869): UserController->renderFile()
#1 C:\wamp\www\orgtrail\protected\views\user\create.php(20): UserController->renderPartial()
#2 C:\wamp\www\yii\framework\web\CBaseController.php(126): require()
#3 C:\wamp\www\yii\framework\web\CBaseController.php(95): UserController->renderInternal()
#4 C:\wamp\www\yii\framework\web\CController.php(869): UserController->renderFile()
#5 C:\wamp\www\yii\framework\web\CController.php(782): UserController->renderPartial()
#6 C:\wamp\www\orgtrail\protected\controllers\UserController.php(79): UserController->render()
#7 C:\wamp\www\yii\framework\web\actions\CInlineAction.php(49): UserController->actionCreate()
#8 C:\wamp\www\yii\framework\web\CController.php(308): CInlineAction->runWithParams()
#9 C:\wamp\www\yii\framework\web\filters\CFilterChain.php(133): UserController->runAction()
#10 C:\wamp\www\yii\framework\web\filters\CFilter.php(40): CFilterChain->run()
#11 C:\wamp\www\yii\framework\web\CController.php(1145): CAccessControlFilter->filter()
#12 C:\wamp\www\yii\framework\web\filters\CInlineFilter.php(58): UserController->filterAccessControl()
#13 C:\wamp\www\yii\framework\web\filters\CFilterChain.php(130): CInlineFilter->filter()
#14 C:\wamp\www\yii\framework\web\CController.php(291): CFilterChain->run()
#15 C:\wamp\www\yii\framework\web\CController.php(265): UserController->runActionWithFilters()
#16 C:\wamp\www\yii\framework\web\CWebApplication.php(282): UserController->run()
#17 C:\wamp\www\yii\framework\web\CWebApplication.php(141): CWebApplication->runController()
#18 C:\wamp\www\yii\framework\base\CApplication.php(180): CWebApplication->processRequest()
#19 C:\wamp\www\orgtrail\index.php(13): CWebApplication->run()
REQUEST_URI=/orgtrail/index.php/user/create
in C:\wamp\www\orgtrail\protected\views\user\_form.php (24)
in C:\wamp\www\orgtrail\protected\views\user\create.php (20)
in C:\wamp\www\orgtrail\protected\controllers\UserController.php (79)
2014/07/23 17:27:28 [error] [php] Undefined variable: orgmodel (C:\wamp\www\orgtrail\protected\views\user\_form.php:24)
Stack trace:
#0 C:\wamp\www\yii\framework\web\CController.php(869): UserController->renderFile()
#1 C:\wamp\www\orgtrail\protected\views\user\create.php(20): UserController->renderPartial()
#2 C:\wamp\www\yii\framework\web\CBaseController.php(126): require()
#3 C:\wamp\www\yii\framework\web\CBaseController.php(95): UserController->renderInternal()
#4 C:\wamp\www\yii\framework\web\CController.php(869): UserController->renderFile()
#5 C:\wamp\www\yii\framework\web\CController.php(782): UserController->renderPartial()
#6 C:\wamp\www\orgtrail\protected\controllers\UserController.php(79): UserController->render()
#7 C:\wamp\www\yii\framework\web\actions\CInlineAction.php(49): UserController->actionCreate()
#8 C:\wamp\www\yii\framework\web\CController.php(308): CInlineAction->runWithParams()
#9 C:\wamp\www\yii\framework\web\filters\CFilterChain.php(133): UserController->runAction()
#10 C:\wamp\www\yii\framework\web\filters\CFilter.php(40): CFilterChain->run()
#11 C:\wamp\www\yii\framework\web\CController.php(1145): CAccessControlFilter->filter()
#12 C:\wamp\www\yii\framework\web\filters\CInlineFilter.php(58): UserController->filterAccessControl()
#13 C:\wamp\www\yii\framework\web\filters\CFilterChain.php(130): CInlineFilter->filter()
#14 C:\wamp\www\yii\framework\web\CController.php(291): CFilterChain->run()
#15 C:\wamp\www\yii\framework\web\CController.php(265): UserController->runActionWithFilters()
#16 C:\wamp\www\yii\framework\web\CWebApplication.php(282): UserController->run()
#17 C:\wamp\www\yii\framework\web\CWebApplication.php(141): CWebApplication->runController()
#18 C:\wamp\www\yii\framework\base\CApplication.php(180): CWebApplication->processRequest()
#19 C:\wamp\www\orgtrail\index.php(13): CWebApplication->run()
REQUEST_URI=/orgtrail/index.php/user/create
in C:\wamp\www\orgtrail\protected\views\user\_form.php (24)
in C:\wamp\www\orgtrail\protected\views\user\create.php (20)
in C:\wamp\www\orgtrail\protected\controllers\UserController.php (79)
2014/07/23 17:27:47 [error] [php] Undefined variable: orgmodel (C:\wamp\www\orgtrail\protected\views\user\_form.php:24)
Stack trace:
#0 C:\wamp\www\yii\framework\web\CController.php(869): UserController->renderFile()
#1 C:\wamp\www\orgtrail\protected\views\user\create.php(20): UserController->renderPartial()
#2 C:\wamp\www\yii\framework\web\CBaseController.php(126): require()
#3 C:\wamp\www\yii\framework\web\CBaseController.php(95): UserController->renderInternal()
#4 C:\wamp\www\yii\framework\web\CController.php(869): UserController->renderFile()
#5 C:\wamp\www\yii\framework\web\CController.php(782): UserController->renderPartial()
#6 C:\wamp\www\orgtrail\protected\controllers\UserController.php(79): UserController->render()
#7 C:\wamp\www\yii\framework\web\actions\CInlineAction.php(49): UserController->actionCreate()
#8 C:\wamp\www\yii\framework\web\CController.php(308): CInlineAction->runWithParams()
#9 C:\wamp\www\yii\framework\web\filters\CFilterChain.php(133): UserController->runAction()
#10 C:\wamp\www\yii\framework\web\filters\CFilter.php(40): CFilterChain->run()
#11 C:\wamp\www\yii\framework\web\CController.php(1145): CAccessControlFilter->filter()
#12 C:\wamp\www\yii\framework\web\filters\CInlineFilter.php(58): UserController->filterAccessControl()
#13 C:\wamp\www\yii\framework\web\filters\CFilterChain.php(130): CInlineFilter->filter()
#14 C:\wamp\www\yii\framework\web\CController.php(291): CFilterChain->run()
#15 C:\wamp\www\yii\framework\web\CController.php(265): UserController->runActionWithFilters()
#16 C:\wamp\www\yii\framework\web\CWebApplication.php(282): UserController->run()
#17 C:\wamp\www\yii\framework\web\CWebApplication.php(141): CWebApplication->runController()
#18 C:\wamp\www\yii\framework\base\CApplication.php(180): CWebApplication->processRequest()
#19 C:\wamp\www\orgtrail\index.php(13): CWebApplication->run()
REQUEST_URI=/orgtrail/index.php/user/create
in C:\wamp\www\orgtrail\protected\views\user\_form.php (24)
in C:\wamp\www\orgtrail\protected\views\user\create.php (20)
in C:\wamp\www\orgtrail\protected\controllers\UserController.php (79)
2014/07/23 17:28:05 [error] [php] Undefined variable: orgmodel (C:\wamp\www\orgtrail\protected\views\user\_form.php:24)
Stack trace:
#0 C:\wamp\www\yii\framework\web\CController.php(869): UserController->renderFile()
#1 C:\wamp\www\orgtrail\protected\views\user\create.php(20): UserController->renderPartial()
#2 C:\wamp\www\yii\framework\web\CBaseController.php(126): require()
#3 C:\wamp\www\yii\framework\web\CBaseController.php(95): UserController->renderInternal()
#4 C:\wamp\www\yii\framework\web\CController.php(869): UserController->renderFile()
#5 C:\wamp\www\yii\framework\web\CController.php(782): UserController->renderPartial()
#6 C:\wamp\www\orgtrail\protected\controllers\UserController.php(79): UserController->render()
#7 C:\wamp\www\yii\framework\web\actions\CInlineAction.php(49): UserController->actionCreate()
#8 C:\wamp\www\yii\framework\web\CController.php(308): CInlineAction->runWithParams()
#9 C:\wamp\www\yii\framework\web\filters\CFilterChain.php(133): UserController->runAction()
#10 C:\wamp\www\yii\framework\web\filters\CFilter.php(40): CFilterChain->run()
#11 C:\wamp\www\yii\framework\web\CController.php(1145): CAccessControlFilter->filter()
#12 C:\wamp\www\yii\framework\web\filters\CInlineFilter.php(58): UserController->filterAccessControl()
#13 C:\wamp\www\yii\framework\web\filters\CFilterChain.php(130): CInlineFilter->filter()
#14 C:\wamp\www\yii\framework\web\CController.php(291): CFilterChain->run()
#15 C:\wamp\www\yii\framework\web\CController.php(265): UserController->runActionWithFilters()
#16 C:\wamp\www\yii\framework\web\CWebApplication.php(282): UserController->run()
#17 C:\wamp\www\yii\framework\web\CWebApplication.php(141): CWebApplication->runController()
#18 C:\wamp\www\yii\framework\base\CApplication.php(180): CWebApplication->processRequest()
#19 C:\wamp\www\orgtrail\index.php(13): CWebApplication->run()
REQUEST_URI=/orgtrail/index.php/user/create
in C:\wamp\www\orgtrail\protected\views\user\_form.php (24)
in C:\wamp\www\orgtrail\protected\views\user\create.php (20)
in C:\wamp\www\orgtrail\protected\controllers\UserController.php (79)
